[handleMsg]:  {
  key: {
    remoteJid: '5492644601971@s.whatsapp.net',
    fromMe: false,
    id: 'A55C3FFEEF7951DA99',
    participant: undefined
  },
  messageTimestamp: 1710000533,
  pushName: 'Gabi F.',
  broadcast: false,
  message: Message {
    extendedTextMessage: ExtendedTextMessage { text: 'hola', contextInfo: [ContextInfo] },
    messageContextInfo: MessageContextInfo {
      deviceListMetadata: [DeviceListMetadata],
      deviceListMetadataVersion: 2
    }
  },
  body: 'hola',
  from: '5492644601971'
}
[QUEUE_SE_ENVIO]:  {
  ref: 'ans_b826d850-566a-44f1-9cc5-8ccc2b71501a',
  keyword: 'key_249a66c0-96b5-4599-a8ac-9b1f19c50071',
  answer: '¡Bienvenido al chat de Technodevs! 🚀 Soy tu asistente virtual, aquí para ayudarte en lo que necesites.\n' +
    '💻 Somos una empresa especializada en el desarrollo de soluciones informáticas para hacer crecer tu negocio.\n' +
    '🌐 ¡No dudes en preguntar, estamos listos para brindarte el mejor apoyo tecnológico! 🌟',
  options: {
    media: null,
    buttons: [],
    capture: false,
    child: null,
    delay: 0,
    idle: null,
    ref: null,
    nested: [],
    keyword: {},
    callback: false
  },
  refSerialize: '54227ee5bad3d56b94f749b14250c82e'
}
[QUEUE_SE_ENVIO]:  {
  ref: 'ans_4bde696b-f625-4e30-b529-2f11f976960b',
  keyword: 'ans_b826d850-566a-44f1-9cc5-8ccc2b71501a',
  answer: '__call_action__',
  options: {
    media: null,
    buttons: [],
    capture: false,
    child: null,
    delay: 0,
    idle: null,
    ref: null,
    nested: [],
    keyword: {},
    callback: true
  },
  refSerialize: 'd8e6ab2cc431028f1875e588801c35cb'
}
[handleMsg]:  {
  key: {
    remoteJid: '5492644601971@s.whatsapp.net',
    fromMe: false,
    id: '5DE6950C5FD2DAAAE2',
    participant: undefined
  },
  messageTimestamp: 1710000536,
  pushName: 'Gabi F.',
  broadcast: false,
  message: Message {
    extendedTextMessage: ExtendedTextMessage {
      text: 'Como estas?',
      contextInfo: [ContextInfo]
    },
    messageContextInfo: MessageContextInfo {
      deviceListMetadata: [DeviceListMetadata],
      deviceListMetadataVersion: 2
    }
  },
  body: 'Como estas?',
  from: '5492644601971'
}
[QUEUE_SE_ENVIO]:  {
  ref: 'ans_b821a781-f87e-4b57-ae1e-a1e70b26ea5a',
  keyword: 'key_e14e1280-ba53-46d2-aa19-e983592bba2f',
  answer: '__call_action__',
  options: {
    media: null,
    buttons: [],
    capture: false,
    child: null,
    delay: 0,
    idle: null,
    ref: null,
    nested: [],
    keyword: {},
    callback: true
  },
  refSerialize: '53e5c45feb01ce87dc7fc92bc0d6ed18'
}
[QUEUE_SE_ENVIO]:  {
  ref: 'ans_cfff5e24-b0aa-4995-9e82-8550d1860477',
  keyword: 'ans_b821a781-f87e-4b57-ae1e-a1e70b26ea5a',
  answer: '__call_action__',
  options: {
    media: null,
    buttons: [],
    capture: false,
    child: null,
    delay: 0,
    idle: null,
    ref: null,
    nested: [],
    keyword: {},
    callback: true
  },
  refSerialize: '29ffa105faddf8e27027038cf4d2fe26'
}
[handleMsg]:  {
  key: {
    remoteJid: '5492644601971@s.whatsapp.net',
    fromMe: false,
    id: '36E6272B26C6F919B9',
    participant: undefined
  },
  messageTimestamp: 1710000549,
  pushName: 'Gabi F.',
  broadcast: false,
  message: Message {
    extendedTextMessage: ExtendedTextMessage {
      text: 'Que tienes para ofrecerme?',
      contextInfo: [ContextInfo]
    },
    messageContextInfo: MessageContextInfo {
      deviceListMetadata: [DeviceListMetadata],
      deviceListMetadataVersion: 2
    }
  },
  body: 'Que tienes para ofrecerme?',
  from: '5492644601971'
}
[QUEUE_SE_ENVIO]:  {
  ref: 'ans_b821a781-f87e-4b57-ae1e-a1e70b26ea5a',
  keyword: 'key_e14e1280-ba53-46d2-aa19-e983592bba2f',
  answer: '__call_action__',
  options: {
    media: null,
    buttons: [],
    capture: false,
    child: null,
    delay: 0,
    idle: null,
    ref: null,
    nested: [],
    keyword: {},
    callback: true
  },
  refSerialize: '53e5c45feb01ce87dc7fc92bc0d6ed18'
}
[QUEUE_SE_ENVIO]:  {
  ref: 'ans_cfff5e24-b0aa-4995-9e82-8550d1860477',
  keyword: 'ans_b821a781-f87e-4b57-ae1e-a1e70b26ea5a',
  answer: '__call_action__',
  options: {
    media: null,
    buttons: [],
    capture: false,
    child: null,
    delay: 0,
    idle: null,
    ref: null,
    nested: [],
    keyword: {},
    callback: true
  },
  refSerialize: '29ffa105faddf8e27027038cf4d2fe26'
}
[handleMsg]:  {
  key: {
    remoteJid: '5492644601971@s.whatsapp.net',
    fromMe: false,
    id: '2DEF8EB88D1DA1765E',
    participant: undefined
  },
  messageTimestamp: 1710000603,
  pushName: 'Gabi F.',
  broadcast: false,
  message: Message {
    extendedTextMessage: ExtendedTextMessage {
      text: 'Que me recomiendas para vender mas productos, tengo una ferretería y quiero aumentar mis ventas',
      contextInfo: [ContextInfo]
    },
    messageContextInfo: MessageContextInfo {
      deviceListMetadata: [DeviceListMetadata],
      deviceListMetadataVersion: 2
    }
  },
  body: 'Que me recomiendas para vender mas productos, tengo una ferretería y quiero aumentar mis ventas',
  from: '5492644601971'
}
[QUEUE_SE_ENVIO]:  {
  ref: 'ans_b821a781-f87e-4b57-ae1e-a1e70b26ea5a',
  keyword: 'key_e14e1280-ba53-46d2-aa19-e983592bba2f',
  answer: '__call_action__',
  options: {
    media: null,
    buttons: [],
    capture: false,
    child: null,
    delay: 0,
    idle: null,
    ref: null,
    nested: [],
    keyword: {},
    callback: true
  },
  refSerialize: '53e5c45feb01ce87dc7fc92bc0d6ed18'
}
[QUEUE_SE_ENVIO]:  {
  ref: 'ans_cfff5e24-b0aa-4995-9e82-8550d1860477',
  keyword: 'ans_b821a781-f87e-4b57-ae1e-a1e70b26ea5a',
  answer: '__call_action__',
  options: {
    media: null,
    buttons: [],
    capture: false,
    child: null,
    delay: 0,
    idle: null,
    ref: null,
    nested: [],
    keyword: {},
    callback: true
  },
  refSerialize: '29ffa105faddf8e27027038cf4d2fe26'
}
[handleMsg]:  {
  key: {
    remoteJid: '5492644601971@s.whatsapp.net',
    fromMe: false,
    id: 'C5458D6CBB781C4673',
    participant: undefined
  },
  messageTimestamp: 1710000617,
  pushName: 'Gabi F.',
  broadcast: false,
  message: Message {
    extendedTextMessage: ExtendedTextMessage { text: 'Si', contextInfo: [ContextInfo] },
    messageContextInfo: MessageContextInfo {
      deviceListMetadata: [DeviceListMetadata],
      deviceListMetadataVersion: 2
    }
  },
  body: 'Si',
  from: '5492644601971'
}
[QUEUE_SE_ENVIO]:  {
  ref: 'ans_b821a781-f87e-4b57-ae1e-a1e70b26ea5a',
  keyword: 'key_e14e1280-ba53-46d2-aa19-e983592bba2f',
  answer: '__call_action__',
  options: {
    media: null,
    buttons: [],
    capture: false,
    child: null,
    delay: 0,
    idle: null,
    ref: null,
    nested: [],
    keyword: {},
    callback: true
  },
  refSerialize: '53e5c45feb01ce87dc7fc92bc0d6ed18'
}
[QUEUE_SE_ENVIO]:  {
  ref: 'ans_cfff5e24-b0aa-4995-9e82-8550d1860477',
  keyword: 'ans_b821a781-f87e-4b57-ae1e-a1e70b26ea5a',
  answer: '__call_action__',
  options: {
    media: null,
    buttons: [],
    capture: false,
    child: null,
    delay: 0,
    idle: null,
    ref: null,
    nested: [],
    keyword: {},
    callback: true
  },
  refSerialize: '29ffa105faddf8e27027038cf4d2fe26'
}
[handleMsg]:  {
  key: {
    remoteJid: '5492644601971@s.whatsapp.net',
    fromMe: false,
    id: '01AF364428AE9F51DC',
    participant: undefined
  },
  messageTimestamp: 1710000653,
  pushName: 'Gabi F.',
  broadcast: false,
  message: Message {
    extendedTextMessage: ExtendedTextMessage { text: 'Si', contextInfo: [ContextInfo] },
    messageContextInfo: MessageContextInfo {
      deviceListMetadata: [DeviceListMetadata],
      deviceListMetadataVersion: 2
    }
  },
  body: 'Si',
  from: '5492644601971'
}
[QUEUE_SE_ENVIO]:  {
  ref: 'ans_b821a781-f87e-4b57-ae1e-a1e70b26ea5a',
  keyword: 'key_e14e1280-ba53-46d2-aa19-e983592bba2f',
  answer: '__call_action__',
  options: {
    media: null,
    buttons: [],
    capture: false,
    child: null,
    delay: 0,
    idle: null,
    ref: null,
    nested: [],
    keyword: {},
    callback: true
  },
  refSerialize: '53e5c45feb01ce87dc7fc92bc0d6ed18'
}
[handleMsg]:  {
  key: {
    remoteJid: '5492644601971@s.whatsapp.net',
    fromMe: false,
    id: '74C738CDF2E6DCA9BA',
    participant: undefined
  },
  messageTimestamp: 1710001406,
  pushName: 'Gabi F.',
  broadcast: false,
  message: Message {
    extendedTextMessage: ExtendedTextMessage {
      text: 'como es tu nombre?',
      contextInfo: [ContextInfo]
    },
    messageContextInfo: MessageContextInfo {
      deviceListMetadata: [DeviceListMetadata],
      deviceListMetadataVersion: 2
    }
  },
  body: 'como es tu nombre?',
  from: '5492644601971'
}
[handleMsg]:  {
  key: {
    remoteJid: '5492644601971@s.whatsapp.net',
    fromMe: false,
    id: '2C1B3246CFC96A96B5',
    participant: undefined
  },
  messageTimestamp: 1710001502,
  pushName: 'Gabi F.',
  broadcast: false,
  message: Message {
    extendedTextMessage: ExtendedTextMessage { text: 'hola?', contextInfo: [ContextInfo] },
    messageContextInfo: MessageContextInfo {
      deviceListMetadata: [DeviceListMetadata],
      deviceListMetadataVersion: 2
    }
  },
  body: 'hola?',
  from: '5492644601971'
}
[QUEUE_SE_ENVIO]:  {
  ref: 'ans_b826d850-566a-44f1-9cc5-8ccc2b71501a',
  keyword: 'key_249a66c0-96b5-4599-a8ac-9b1f19c50071',
  answer: '¡Bienvenido al chat de Technodevs! 🚀 Soy tu asistente virtual, aquí para ayudarte en lo que necesites.\n' +
    '💻 Somos una empresa especializada en el desarrollo de soluciones informáticas para hacer crecer tu negocio.\n' +
    '🌐 ¡No dudes en preguntar, estamos listos para brindarte el mejor apoyo tecnológico! 🌟',
  options: {
    media: null,
    buttons: [],
    capture: false,
    child: null,
    delay: 0,
    idle: null,
    ref: null,
    nested: [],
    keyword: {},
    callback: false
  },
  refSerialize: '54227ee5bad3d56b94f749b14250c82e'
}
[QUEUE_SE_ENVIO]:  {
  ref: 'ans_4bde696b-f625-4e30-b529-2f11f976960b',
  keyword: 'ans_b826d850-566a-44f1-9cc5-8ccc2b71501a',
  answer: '__call_action__',
  options: {
    media: null,
    buttons: [],
    capture: false,
    child: null,
    delay: 0,
    idle: null,
    ref: null,
    nested: [],
    keyword: {},
    callback: true
  },
  refSerialize: 'd8e6ab2cc431028f1875e588801c35cb'
}
[handleMsg]:  {
  key: {
    remoteJid: '5492644601971@s.whatsapp.net',
    fromMe: false,
    id: '2003777942006DCDD3',
    participant: undefined
  },
  messageTimestamp: 1710001510,
  pushName: 'Gabi F.',
  broadcast: false,
  message: Message {
    extendedTextMessage: ExtendedTextMessage {
      text: 'me puedes ofrecer algo mas?',
      contextInfo: [ContextInfo]
    },
    messageContextInfo: MessageContextInfo {
      deviceListMetadata: [DeviceListMetadata],
      deviceListMetadataVersion: 2
    }
  },
  body: 'me puedes ofrecer algo mas?',
  from: '5492644601971'
}
[QUEUE_SE_ENVIO]:  {
  ref: 'ans_b821a781-f87e-4b57-ae1e-a1e70b26ea5a',
  keyword: 'key_e14e1280-ba53-46d2-aa19-e983592bba2f',
  answer: '__call_action__',
  options: {
    media: null,
    buttons: [],
    capture: false,
    child: null,
    delay: 0,
    idle: null,
    ref: null,
    nested: [],
    keyword: {},
    callback: true
  },
  refSerialize: '53e5c45feb01ce87dc7fc92bc0d6ed18'
}
